<?xml version="1.0" encoding="UTF-8"?>
<testsuite xmlns:xsi="http://www.w3.org/2001/XMLSchema-instance" xsi:noNamespaceSchemaLocation="https://maven.apache.org/surefire/maven-surefire-plugin/xsd/surefire-test-report-3.0.xsd" version="3.0" name="cucumber.Options.TestRunner" time="2.145" tests="1" errors="0" skipped="0" failures="0">
  <properties>
[...]
</properties>
  <testcase name="API tetsing" classname="abc" time="1.795">
    <system-out><![CDATA[
@test1
&amp#27;[1mScenario:&amp#27;[22m API tetsing       &amp#27;[90m# file:///C:/Users/saira/eclipse-workspace/CucumberProject/src/test/java/features/demo.feature:4&amp#27;[0m
===========================  &amp#27;[32m✔&amp#27;[0m &amp#27;[32m&amp#27;[1mGiven &amp#27;[22mAdd Place Payload&amp#27;[0m &amp#27;[90m# stepDefinitions.steps.add_place_payload()&amp#27;[0m
Request method:	POST
Request URI:	https://rahulshettyacademy.com/maps/api/place/add/json?key=qaclick123
Proxy:			<none>
Request params:	<none>
Query params:	key=qaclick123
Form params:	<none>
Path params:	<none>
Headers:		Accept=*/*
				Content-Type=application/json
Cookies:		<none>
Multiparts:		<none>
Body:
{
    "accuracy": 50,
    "name": "Frontline house",
    "phone_number": "(+91) 983 893 3937",
    "address": "29, side layout, cohen 09",
    "website": "https://rahulshettyacademy.com",
    "language": "French-IN",
    "location": {
        "lat": -38.383494,
        "lng": 33.427362
    },
    "types": [
        "shoe park",
        "shop"
    ]
}
  &amp#27;[32m✔&amp#27;[0m &amp#27;[32m&amp#27;[1mWhen &amp#27;[22mUser hits&amp#27;[0m          &amp#27;[90m# stepDefinitions.steps.user_hits()&amp#27;[0m
  &amp#27;[32m✔&amp#27;[0m &amp#27;[32m&amp#27;[1mThen &amp#27;[22mstatus code is &amp#27;[1m200&amp#27;[22m&amp#27;[0m &amp#27;[90m# stepDefinitions.steps.status_code_is(java.lang.Integer)&amp#27;[0m
]]></system-out>
    <system-err><![CDATA[Jul 25, 2025 1:54:11 PM io.cucumber.core.options.CucumberPropertiesParser lambda$warnWhenCucumberOptionsIsUsed$2
WARNING: Passing commandline options via the property 'cucumber.options' is no longer supported. Please use individual properties instead. See the java doc on io.cucumber.core.options.Constants for details.
]]></system-err>
  </testcase>
</testsuite>